<?xml version="1.0" encoding="UTF-8"?>
<!-- Generated by org.testng.reporters.JUnitReportReporter -->
<testsuite skipped="0" hostname="DESKTOP-13RKBDN" name="com.leafBot.testcases.TC003_CreateLead" tests="2" failures="0" timestamp="04 Jan 2020 10:26:14 GMT" time="155.711" errors="0">
  <testcase name="createLead" time="60.001" classname="com.leafBot.testcases.TC003_CreateLead"/>
  <testcase name="createLead" time="95.710" classname="com.leafBot.testcases.TC003_CreateLead"/>
</testsuite> <!-- com.leafBot.testcases.TC003_CreateLead -->
